/usr/bin/llc

###### Testing test-func
./src/mpl.native < test/testVer1/test-func.mpl > test-func.ll
llc test-func.ll > test-func.s
gcc -o test-func.out test-func.s src/utils.o
test-func.out
./testall.sh: 1: eval: test-func.out: not found
###### FAILED

###### Testing test-if1
./src/mpl.native < test/testVer1/test-if1.mpl > test-if1.ll
llc test-if1.ll > test-if1.s
gcc -o test-if1.out test-if1.s src/utils.o
test-if1.out
./testall.sh: 1: eval: test-if1.out: not found
###### FAILED

###### Testing test-if2
./src/mpl.native < test/testVer1/test-if2.mpl > test-if2.ll
llc test-if2.ll > test-if2.s
gcc -o test-if2.out test-if2.s src/utils.o
test-if2.out
./testall.sh: 1: eval: test-if2.out: not found
###### FAILED

###### Testing test-if3
./src/mpl.native < test/testVer1/test-if3.mpl > test-if3.ll
llc test-if3.ll > test-if3.s
gcc -o test-if3.out test-if3.s src/utils.o
test-if3.out
./testall.sh: 1: eval: test-if3.out: not found
###### FAILED

###### Testing test-if4
./src/mpl.native < test/testVer1/test-if4.mpl > test-if4.ll
llc test-if4.ll > test-if4.s
gcc -o test-if4.out test-if4.s src/utils.o
test-if4.out
./testall.sh: 1: eval: test-if4.out: not found
###### FAILED

###### Testing test-if5
./src/mpl.native < test/testVer1/test-if5.mpl > test-if5.ll
llc test-if5.ll > test-if5.s
gcc -o test-if5.out test-if5.s src/utils.o
/usr/lib/gcc/i686-linux-gnu/5/../../../i386-linux-gnu/crt1.o: In function `_start':
/build/glibc-xt1eTb/glibc-2.21/csu/../sysdeps/i386/start.S:111: undefined reference to `main'
collect2: error: ld returned 1 exit status
###### FAILED

###### Testing test-local1
./src/mpl.native < test/testVer1/test-local1.mpl > test-local1.ll
llc test-local1.ll > test-local1.s
gcc -o test-local1.out test-local1.s src/utils.o
/usr/lib/gcc/i686-linux-gnu/5/../../../i386-linux-gnu/crt1.o: In function `_start':
/build/glibc-xt1eTb/glibc-2.21/csu/../sysdeps/i386/start.S:111: undefined reference to `main'
collect2: error: ld returned 1 exit status
###### FAILED

###### Testing test-local2
./src/mpl.native < test/testVer1/test-local2.mpl > test-local2.ll
llc test-local2.ll > test-local2.s
gcc -o test-local2.out test-local2.s src/utils.o
/usr/lib/gcc/i686-linux-gnu/5/../../../i386-linux-gnu/crt1.o: In function `_start':
/build/glibc-xt1eTb/glibc-2.21/csu/../sysdeps/i386/start.S:111: undefined reference to `main'
collect2: error: ld returned 1 exit status
###### FAILED

###### Testing test-mat
./src/mpl.native < test/testVer1/test-mat.mpl > test-mat.ll
llc test-mat.ll > test-mat.s
gcc -o test-mat.out test-mat.s src/utils.o
test-mat.out
./testall.sh: 1: eval: test-mat.out: not found
###### FAILED

###### Testing test-matall
./src/mpl.native < test/testVer1/test-matall.mpl > test-matall.ll
llc test-matall.ll > test-matall.s
gcc -o test-matall.out test-matall.s src/utils.o
test-matall.out
./testall.sh: 1: eval: test-matall.out: not found
###### FAILED

###### Testing test-matread
./src/mpl.native < test/testVer1/test-matread.mpl > test-matread.ll
llc test-matread.ll > test-matread.s
gcc -o test-matread.out test-matread.s src/utils.o
test-matread.out
./testall.sh: 1: eval: test-matread.out: not found
###### FAILED

###### Testing test-matwrite
./src/mpl.native < test/testVer1/test-matwrite.mpl > test-matwrite.ll
llc test-matwrite.ll > test-matwrite.s
gcc -o test-matwrite.out test-matwrite.s src/utils.o
test-matwrite.out
./testall.sh: 1: eval: test-matwrite.out: not found
###### FAILED

###### Testing test-ops1
./src/mpl.native < test/testVer1/test-ops1.mpl > test-ops1.ll
Fatal error: exception Parsing.Parse_error
###### FAILED

###### Testing test-ops2
./src/mpl.native < test/testVer1/test-ops2.mpl > test-ops2.ll
Fatal error: exception Parsing.Parse_error
###### FAILED

###### Testing test-print
./src/mpl.native < test/testVer1/test-print.mpl > test-print.ll
llc test-print.ll > test-print.s
gcc -o test-print.out test-print.s src/utils.o
test-print.out
./testall.sh: 1: eval: test-print.out: not found
###### FAILED

###### Testing test-printm
./src/mpl.native < test/testVer1/test-printm.mpl > test-printm.ll
llc test-printm.ll > test-printm.s
gcc -o test-printm.out test-printm.s src/utils.o
test-printm.out
./testall.sh: 1: eval: test-printm.out: not found
###### FAILED

###### Testing test-prints
./src/mpl.native < test/testVer1/test-prints.mpl > test-prints.ll
llc test-prints.ll > test-prints.s
gcc -o test-prints.out test-prints.s src/utils.o
test-prints.s: Assembler messages:
test-prints.s:12: Error: invalid character '"' in operand 1
test-prints.s:33: Error: Missing symbol name in directive
test-prints.s:33: Error: unrecognized symbol type ".Lstr_Hello"
test-prints.s:33: Error: junk at end of line, first unrecognized character is `W'
test-prints.s:34: Error: junk at end of line, first unrecognized character is `"'
test-prints.s:36: Error: expected comma after name `' in .size directive
###### FAILED

###### Testing test-var1
./src/mpl.native < test/testVer1/test-var1.mpl > test-var1.ll
llc test-var1.ll > test-var1.s
gcc -o test-var1.out test-var1.s src/utils.o
test-var1.out
./testall.sh: 1: eval: test-var1.out: not found
###### FAILED

###### Testing test-var2
./src/mpl.native < test/testVer1/test-var2.mpl > test-var2.ll
llc test-var2.ll > test-var2.s
gcc -o test-var2.out test-var2.s src/utils.o
/usr/lib/gcc/i686-linux-gnu/5/../../../i386-linux-gnu/crt1.o: In function `_start':
/build/glibc-xt1eTb/glibc-2.21/csu/../sysdeps/i386/start.S:111: undefined reference to `main'
collect2: error: ld returned 1 exit status
###### FAILED

###### Testing test-while1
./src/mpl.native < test/testVer1/test-while1.mpl > test-while1.ll
llc test-while1.ll > test-while1.s
gcc -o test-while1.out test-while1.s src/utils.o
test-while1.out
./testall.sh: 1: eval: test-while1.out: not found
###### FAILED

###### Testing test-while2
./src/mpl.native < test/testVer1/test-while2.mpl > test-while2.ll
llc test-while2.ll > test-while2.s
gcc -o test-while2.out test-while2.s src/utils.o
/usr/lib/gcc/i686-linux-gnu/5/../../../i386-linux-gnu/crt1.o: In function `_start':
/build/glibc-xt1eTb/glibc-2.21/csu/../sysdeps/i386/start.S:111: undefined reference to `main'
collect2: error: ld returned 1 exit status
###### FAILED
